<?xml version="1.0" encoding="UTF-8"?>
<testng-results ignored="0" total="2" passed="2" failed="0" skipped="0">
  <reporter-output>
  </reporter-output>
  <suite started-at="2021-01-31T18:25:06 IST" name="Default suite" finished-at="2021-01-31T18:25:13 IST" duration-ms="7554">
    <groups>
    </groups>
    <test started-at="2021-01-31T18:25:06 IST" name="Default test" finished-at="2021-01-31T18:25:13 IST" duration-ms="7554">
      <class name="restAPI.GetReq">
        <test-method is-config="true" signature="setup()[pri:0, instance:restAPI.GetReq@71238fc2]" started-at="2021-01-31T18:25:06 IST" name="setup" finished-at="2021-01-31T18:25:07 IST" duration-ms="974" status="PASS">
          <reporter-output>
          </reporter-output>
        </test-method> <!-- setup -->
        <test-method signature="getEmailRequest()[pri:0, instance:restAPI.GetReq@71238fc2]" started-at="2021-01-31T18:25:07 IST" name="getEmailRequest" finished-at="2021-01-31T18:25:12 IST" duration-ms="5254" status="PASS">
          <reporter-output>
          </reporter-output>
        </test-method> <!-- getEmailRequest -->
        <test-method signature="verifyPostIds()[pri:0, instance:restAPI.GetReq@71238fc2]" started-at="2021-01-31T18:25:12 IST" name="verifyPostIds" finished-at="2021-01-31T18:25:13 IST" duration-ms="978" status="PASS">
          <reporter-output>
          </reporter-output>
        </test-method> <!-- verifyPostIds -->
      </class> <!-- restAPI.GetReq -->
    </test> <!-- Default test -->
  </suite> <!-- Default suite -->
</testng-results>
