<?xml version="1.0" encoding="UTF-8"?>
<testng-results skipped="0" failed="0" ignored="0" total="2" passed="2">
  <reporter-output>
  </reporter-output>
  <suite name="Default suite" duration-ms="9207" started-at="2021-01-31T12:09:46Z" finished-at="2021-01-31T12:09:56Z">
    <groups>
    </groups>
    <test name="Default test" duration-ms="9207" started-at="2021-01-31T12:09:46Z" finished-at="2021-01-31T12:09:56Z">
      <class name="Assi.GetReq">
        <test-method status="PASS" signature="setup()[pri:0, instance:Assi.GetReq@f9d87b]" name="setup" is-config="true" duration-ms="2077" started-at="2021-01-31T12:09:47Z" finished-at="2021-01-31T12:09:49Z">
          <reporter-output>
          </reporter-output>
        </test-method> <!-- setup -->
        <test-method status="PASS" signature="getEmailRequest()[pri:0, instance:Assi.GetReq@f9d87b]" name="getEmailRequest" duration-ms="5577" started-at="2021-01-31T12:09:49Z" finished-at="2021-01-31T12:09:54Z">
          <reporter-output>
          </reporter-output>
        </test-method> <!-- getEmailRequest -->
        <test-method status="PASS" signature="verifyPostIds()[pri:0, instance:Assi.GetReq@f9d87b]" name="verifyPostIds" duration-ms="1148" started-at="2021-01-31T12:09:55Z" finished-at="2021-01-31T12:09:56Z">
          <reporter-output>
          </reporter-output>
        </test-method> <!-- verifyPostIds -->
      </class> <!-- Assi.GetReq -->
    </test> <!-- Default test -->
  </suite> <!-- Default suite -->
</testng-results>
